# JRE version: OpenJDK Runtime Environment (8.0_275-b01) (build 1.8.0_275-8u275-b01-0ubuntu1~16.04-b01)
# Java VM: OpenJDK 64-Bit Server VM (25.275-b01 mixed mode linux-amd64 compressed oops)
Heap:
 PSYoungGen      total 116736K, used 54474K [0x00000000f5580000, 0x0000000100000000, 0x0000000100000000)
  eden space 58880K, 92% used [0x00000000f5580000,0x00000000f8ab29b8,0x00000000f8f00000)
  from space 57856K, 0% used [0x00000000f8f00000,0x00000000f8f00000,0x00000000fc780000)
  to   space 57856K, 0% used [0x00000000fc780000,0x00000000fc780000,0x0000000100000000)
 ParOldGen       total 349696K, used 253753K [0x00000000e0000000, 0x00000000f5580000, 0x00000000f5580000)
  object space 349696K, 72% used [0x00000000e0000000,0x00000000ef7ce6e8,0x00000000f5580000)
 Metaspace       used 57383K, capacity 58040K, committed 58288K, reserved 1099776K
  class space    used 8179K, capacity 8325K, committed 8368K, reserved 1048576K
GC Heap History (10 events):
Event: 189.592 GC heap before
{Heap before GC invocations=22 (full 6):
 PSYoungGen      total 116736K, used 56605K [0x00000000f5580000, 0x0000000100000000, 0x0000000100000000)
  eden space 58880K, 0% used [0x00000000f5580000,0x00000000f5580000,0x00000000f8f00000)
  from space 57856K, 97% used [0x00000000fc780000,0x00000000ffec75e8,0x0000000100000000)
  to   space 57856K, 0% used [0x00000000f8f00000,0x00000000f8f00000,0x00000000fc780000)
 ParOldGen       total 328192K, used 294003K [0x00000000e0000000, 0x00000000f4080000, 0x00000000f5580000)
  object space 328192K, 89% used [0x00000000e0000000,0x00000000f1f1ce98,0x00000000f4080000)
 Metaspace       used 57364K, capacity 58040K, committed 58288K, reserved 1099776K
  class space    used 8179K, capacity 8325K, committed 8368K, reserved 1048576K
Event: 189.785 GC heap after
Heap after GC invocations=22 (full 6):
 PSYoungGen      total 116736K, used 0K [0x00000000f5580000, 0x0000000100000000, 0x0000000100000000)
  eden space 58880K, 0% used [0x00000000f5580000,0x00000000f5580000,0x00000000f8f00000)
  from space 57856K, 0% used [0x00000000fc780000,0x00000000fc780000,0x0000000100000000)
  to   space 57856K, 0% used [0x00000000f8f00000,0x00000000f8f00000,0x00000000fc780000)
 ParOldGen       total 349696K, used 226440K [0x00000000e0000000, 0x00000000f5580000, 0x00000000f5580000)
  object space 349696K, 64% used [0x00000000e0000000,0x00000000edd220b0,0x00000000f5580000)
 Metaspace       used 57364K, capacity 58040K, committed 58288K, reserved 1099776K
  class space    used 8179K, capacity 8325K, committed 8368K, reserved 1048576K
}
Event: 189.908 GC heap before
{Heap before GC invocations=23 (full 6):
 PSYoungGen      total 116736K, used 30878K [0x00000000f5580000, 0x0000000100000000, 0x0000000100000000)
  eden space 58880K, 52% used [0x00000000f5580000,0x00000000f73a7858,0x00000000f8f00000)
  from space 57856K, 0% used [0x00000000fc780000,0x00000000fc780000,0x0000000100000000)
  to   space 57856K, 0% used [0x00000000f8f00000,0x00000000f8f00000,0x00000000fc780000)
 ParOldGen       total 349696K, used 226440K [0x00000000e0000000, 0x00000000f5580000, 0x00000000f5580000)
  object space 349696K, 64% used [0x00000000e0000000,0x00000000edd220b0,0x00000000f5580000)
 Metaspace       used 57366K, capacity 58040K, committed 58288K, reserved 1099776K
  class space    used 8179K, capacity 8325K, committed 8368K, reserved 1048576K
Event: 189.922 GC heap after
Heap after GC invocations=23 (full 6):
 PSYoungGen      total 116736K, used 29438K [0x00000000f5580000, 0x0000000100000000, 0x0000000100000000)
  eden space 58880K, 0% used [0x00000000f5580000,0x00000000f5580000,0x00000000f8f00000)
  from space 57856K, 50% used [0x00000000f8f00000,0x00000000fabbf920,0x00000000fc780000)
  to   space 57856K, 0% used [0x00000000fc780000,0x00000000fc780000,0x0000000100000000)
 ParOldGen       total 349696K, used 226440K [0x00000000e0000000, 0x00000000f5580000, 0x00000000f5580000)
  object space 349696K, 64% used [0x00000000e0000000,0x00000000edd220b0,0x00000000f5580000)
 Metaspace       used 57366K, capacity 58040K, committed 58288K, reserved 1099776K
  class space    used 8179K, capacity 8325K, committed 8368K, reserved 1048576K
}
Event: 190.218 GC heap before
{Heap before GC invocations=24 (full 6):
 PSYoungGen      total 116736K, used 88318K [0x00000000f5580000, 0x0000000100000000, 0x0000000100000000)
  eden space 58880K, 100% used [0x00000000f5580000,0x00000000f8f00000,0x00000000f8f00000)
  from space 57856K, 50% used [0x00000000f8f00000,0x00000000fabbf920,0x00000000fc780000)
  to   space 57856K, 0% used [0x00000000fc780000,0x00000000fc780000,0x0000000100000000)
 ParOldGen       total 349696K, used 226440K [0x00000000e0000000, 0x00000000f5580000, 0x00000000f5580000)
  object space 349696K, 64% used [0x00000000e0000000,0x00000000edd220b0,0x00000000f5580000)
 Metaspace       used 57371K, capacity 58040K, committed 58288K, reserved 1099776K
  class space    used 8179K, capacity 8325K, committed 8368K, reserved 1048576K
Event: 190.245 GC heap after
Heap after GC invocations=24 (full 6):
 PSYoungGen      total 116736K, used 29429K [0x00000000f5580000, 0x0000000100000000, 0x0000000100000000)
  eden space 58880K, 0% used [0x00000000f5580000,0x00000000f5580000,0x00000000f8f00000)
  from space 57856K, 50% used [0x00000000fc780000,0x00000000fe43d528,0x0000000100000000)
  to   space 57856K, 0% used [0x00000000f8f00000,0x00000000f8f00000,0x00000000fc780000)
 ParOldGen       total 349696K, used 255838K [0x00000000e0000000, 0x00000000f5580000, 0x00000000f5580000)
  object space 349696K, 73% used [0x00000000e0000000,0x00000000ef9d79d0,0x00000000f5580000)
 Metaspace       used 57371K, capacity 58040K, committed 58288K, reserved 1099776K
  class space    used 8179K, capacity 8325K, committed 8368K, reserved 1048576K
}
Event: 190.637 GC heap before
{Heap before GC invocations=25 (full 6):
 PSYoungGen      total 116736K, used 85418K [0x00000000f5580000, 0x0000000100000000, 0x0000000100000000)
  eden space 58880K, 95% used [0x00000000f5580000,0x00000000f8c2d3c8,0x00000000f8f00000)
  from space 57856K, 50% used [0x00000000fc780000,0x00000000fe43d528,0x0000000100000000)
  to   space 57856K, 0% used [0x00000000f8f00000,0x00000000f8f00000,0x00000000fc780000)
 ParOldGen       total 349696K, used 255838K [0x00000000e0000000, 0x00000000f5580000, 0x00000000f5580000)
  object space 349696K, 73% used [0x00000000e0000000,0x00000000ef9d79d0,0x00000000f5580000)
 Metaspace       used 57382K, capacity 58040K, committed 58288K, reserved 1099776K
  class space    used 8179K, capacity 8325K, committed 8368K, reserved 1048576K
Event: 190.665 GC heap after
Heap after GC invocations=25 (full 6):
 PSYoungGen      total 116736K, used 27449K [0x00000000f5580000, 0x0000000100000000, 0x0000000100000000)
  eden space 58880K, 0% used [0x00000000f5580000,0x00000000f5580000,0x00000000f8f00000)
  from space 57856K, 47% used [0x00000000f8f00000,0x00000000fa9ce508,0x00000000fc780000)
  to   space 57856K, 0% used [0x00000000fc780000,0x00000000fc780000,0x0000000100000000)
 ParOldGen       total 349696K, used 285234K [0x00000000e0000000, 0x00000000f5580000, 0x00000000f5580000)
  object space 349696K, 81% used [0x00000000e0000000,0x00000000f168c9f8,0x00000000f5580000)
 Metaspace       used 57382K, capacity 58040K, committed 58288K, reserved 1099776K
  class space    used 8179K, capacity 8325K, committed 8368K, reserved 1048576K
}
Event: 190.665 GC heap before
{Heap before GC invocations=26 (full 7):
 PSYoungGen      total 116736K, used 27449K [0x00000000f5580000, 0x0000000100000000, 0x0000000100000000)
  eden space 58880K, 0% used [0x00000000f5580000,0x00000000f5580000,0x00000000f8f00000)
  from space 57856K, 47% used [0x00000000f8f00000,0x00000000fa9ce508,0x00000000fc780000)
  to   space 57856K, 0% used [0x00000000fc780000,0x00000000fc780000,0x0000000100000000)
 ParOldGen       total 349696K, used 285234K [0x00000000e0000000, 0x00000000f5580000, 0x00000000f5580000)
  object space 349696K, 81% used [0x00000000e0000000,0x00000000f168c9f8,0x00000000f5580000)
 Metaspace       used 57382K, capacity 58040K, committed 58288K, reserved 1099776K
  class space    used 8179K, capacity 8325K, committed 8368K, reserved 1048576K
Event: 190.948 GC heap after
Heap after GC invocations=26 (full 7):
 PSYoungGen      total 116736K, used 0K [0x00000000f5580000, 0x0000000100000000, 0x0000000100000000)
  eden space 58880K, 0% used [0x00000000f5580000,0x00000000f5580000,0x00000000f8f00000)
  from space 57856K, 0% used [0x00000000f8f00000,0x00000000f8f00000,0x00000000fc780000)
  to   space 57856K, 0% used [0x00000000fc780000,0x00000000fc780000,0x0000000100000000)
 ParOldGen       total 349696K, used 253753K [0x00000000e0000000, 0x00000000f5580000, 0x00000000f5580000)
  object space 349696K, 72% used [0x00000000e0000000,0x00000000ef7ce6e8,0x00000000f5580000)
 Metaspace       used 57382K, capacity 58040K, committed 58288K, reserved 1099776K
  class space    used 8179K, capacity 8325K, committed 8368K, reserved 1048576K
}

